c:\users\ashwin\documents\github\sceneecs\ecs\project\project\x64\release\vc140.pdb
c:\users\ashwin\documents\github\sceneecs\ecs\project\project\x64\release\planetmakerecs.obj
c:\users\ashwin\documents\github\sceneecs\ecs\project\project\x64\release\eventreceiver.obj
c:\users\ashwin\documents\github\sceneecs\ecs\project\project\x64\release\eventdispatcher.obj
c:\users\ashwin\documents\github\sceneecs\ecs\project\project\x64\release\debugsystem.obj
c:\users\ashwin\documents\github\sceneecs\ecs\project\project\x64\release\shadowsmodule.obj
c:\users\ashwin\documents\github\sceneecs\ecs\project\project\x64\release\planetmakersystem.obj
c:\users\ashwin\documents\github\sceneecs\ecs\project\project\x64\release\renderablemanager.obj
c:\users\ashwin\documents\github\sceneecs\ecs\project\project\x64\release\renderabletypebatch.obj
c:\users\ashwin\documents\github\sceneecs\ecs\project\project\x64\release\renderermodule.obj
c:\users\ashwin\documents\github\sceneecs\ecs\project\project\x64\release\movementresponsecomponent.obj
c:\users\ashwin\documents\github\sceneecs\ecs\project\project\x64\release\selectioncomponent.obj
c:\users\ashwin\documents\github\sceneecs\ecs\project\project\x64\release\speedcomponent.obj
c:\users\ashwin\documents\github\sceneecs\ecs\project\project\x64\release\ambientocclusionrenderermodule.obj
c:\users\ashwin\documents\github\sceneecs\ecs\project\project\x64\release\bloomrenderermodule.obj
c:\users\ashwin\documents\github\sceneecs\ecs\project\project\x64\release\gaussianblurmodule.obj
c:\users\ashwin\documents\github\sceneecs\ecs\project\project\x64\release\modulerenderer.obj
c:\users\ashwin\documents\github\sceneecs\ecs\project\project\x64\release\lightsmodule.obj
c:\users\ashwin\documents\github\sceneecs\ecs\project\project\x64\release\gbuffermodule.obj
c:\users\ashwin\documents\github\sceneecs\ecs\project\project\x64\release\dpasslightingmodule.obj
c:\users\ashwin\documents\github\sceneecs\ecs\project\project\x64\release\fpasslightingmodule.obj
c:\users\ashwin\documents\github\sceneecs\ecs\project\project\x64\release\configuration.obj
c:\users\ashwin\documents\github\sceneecs\ecs\project\project\x64\release\transformcomponent.obj
c:\users\ashwin\documents\github\sceneecs\ecs\project\project\x64\release\renderingcomponent.obj
c:\users\ashwin\documents\github\sceneecs\ecs\project\project\x64\release\physicscomponent.obj
c:\users\ashwin\documents\github\sceneecs\ecs\project\project\x64\release\hierarchycomponent.obj
c:\users\ashwin\documents\github\sceneecs\ecs\project\project\x64\release\geometrycomponent.obj
c:\users\ashwin\documents\github\sceneecs\ecs\project\project\x64\release\component.obj
c:\users\ashwin\documents\github\sceneecs\ecs\project\project\x64\release\camera.obj
c:\users\ashwin\documents\github\sceneecs\ecs\project\project\x64\release\cameracomponent.obj
c:\users\ashwin\documents\github\sceneecs\ecs\project\project\x64\release\camerasystem.obj
c:\users\ashwin\documents\github\sceneecs\ecs\project\project\x64\release\interactionevent.obj
c:\users\ashwin\documents\github\sceneecs\ecs\project\project\x64\release\deferredrenderer.obj
c:\users\ashwin\documents\github\sceneecs\ecs\project\project\x64\release\inputsystem.obj
c:\users\ashwin\documents\github\sceneecs\ecs\project\project\x64\release\movementsystem.obj
c:\users\ashwin\documents\github\sceneecs\ecs\project\project\x64\release\interactionmovementresponsesystem.obj
c:\users\ashwin\documents\github\sceneecs\ecs\project\project\x64\release\sampler.obj
c:\users\ashwin\documents\github\sceneecs\ecs\project\project\x64\release\resourcedescription.obj
c:\users\ashwin\documents\github\sceneecs\ecs\project\project\x64\release\rdfp.obj
c:\users\ashwin\documents\github\sceneecs\ecs\project\project\x64\release\icosphere.obj
c:\users\ashwin\documents\github\sceneecs\ecs\project\project\x64\release\planetrings.obj
c:\users\ashwin\documents\github\sceneecs\ecs\project\project\x64\release\lightdata.obj
c:\users\ashwin\documents\github\sceneecs\ecs\project\project\x64\release\lightresourcemanager.obj
c:\users\ashwin\documents\github\sceneecs\ecs\project\project\x64\release\inputevent.obj
c:\users\ashwin\documents\github\sceneecs\ecs\project\project\x64\release\geometrygeneratorselector.obj
c:\users\ashwin\documents\github\sceneecs\ecs\project\project\x64\release\geometryresourcemanager.obj
c:\users\ashwin\documents\github\sceneecs\ecs\project\project\x64\release\transform.obj
c:\users\ashwin\documents\github\sceneecs\ecs\project\project\x64\release\texturegeneratorselector.obj
c:\users\ashwin\documents\github\sceneecs\ecs\project\project\x64\release\texturebufferdata.obj
c:\users\ashwin\documents\github\sceneecs\ecs\project\project\x64\release\transformsystem.obj
c:\users\ashwin\documents\github\sceneecs\ecs\project\project\x64\release\system.obj
c:\users\ashwin\documents\github\sceneecs\ecs\project\project\x64\release\renderingsystem.obj
c:\users\ashwin\documents\github\sceneecs\ecs\project\project\x64\release\renderer.obj
c:\users\ashwin\documents\github\sceneecs\ecs\project\project\x64\release\renderable.obj
c:\users\ashwin\documents\github\sceneecs\ecs\project\project\x64\release\physicsdata.obj
c:\users\ashwin\documents\github\sceneecs\ecs\project\project\x64\release\geometrydata.obj
c:\users\ashwin\documents\github\sceneecs\ecs\project\project\x64\release\eventqueue.obj
c:\users\ashwin\documents\github\sceneecs\ecs\project\project\x64\release\entity.obj
c:\users\ashwin\documents\github\sceneecs\ecs\project\project\x64\release\entitymanager.obj
c:\users\ashwin\documents\github\sceneecs\ecs\project\project\x64\release\ecsevent.obj
c:\users\ashwin\documents\github\sceneecs\ecs\project\project\x64\release\ecs.obj
c:\users\ashwin\documents\github\sceneecs\ecs\project\project\x64\release\vaostorage.obj
c:\users\ashwin\documents\github\sceneecs\ecs\project\project\x64\release\triangle.obj
c:\users\ashwin\documents\github\sceneecs\ecs\project\project\x64\release\demoecs.obj
c:\users\ashwin\documents\github\sceneecs\ecs\project\project\x64\release\basicrenderer.obj
c:\users\ashwin\documents\github\sceneecs\ecs\project\project\x64\release\resourcedata.obj
c:\users\ashwin\documents\github\sceneecs\ecs\project\project\x64\release\renderertexturemanager.obj
c:\users\ashwin\documents\github\sceneecs\ecs\project\project\x64\release\renderershadermanager.obj
c:\users\ashwin\documents\github\sceneecs\ecs\project\project\x64\release\renderermaterialmanager.obj
c:\users\ashwin\documents\github\sceneecs\ecs\project\project\x64\release\rendererlightmanager.obj
c:\users\ashwin\documents\github\sceneecs\ecs\project\project\x64\release\renderergeometrymanager.obj
c:\users\ashwin\documents\github\sceneecs\ecs\project\project\x64\release\texturedata.obj
c:\users\ashwin\documents\github\sceneecs\ecs\project\project\x64\release\materialdata.obj
c:\users\ashwin\documents\github\sceneecs\ecs\project\project\x64\release\shaderdata.obj
c:\users\ashwin\documents\github\sceneecs\ecs\project\project\x64\release\resourceevent.obj
c:\users\ashwin\documents\github\sceneecs\ecs\project\project\x64\release\shaderresourcemanager.obj
c:\users\ashwin\documents\github\sceneecs\ecs\project\project\x64\release\textureresourcemanager.obj
c:\users\ashwin\documents\github\sceneecs\ecs\project\project\x64\release\materialresourcemanager.obj
c:\users\ashwin\documents\github\sceneecs\ecs\project\project\x64\release\resourcemanager.obj
c:\users\ashwin\documents\github\sceneecs\ecs\project\project\x64\release\main.obj
c:\users\ashwin\documents\github\sceneecs\ecs\project\project\x64\release\tiny_obj_loader.obj
c:\users\ashwin\documents\github\sceneecs\ecs\project\project\x64\release\scenecomponentmaker.obj
c:\users\ashwin\documents\github\sceneecs\ecs\project\project\x64\release\componentmaker.obj
c:\users\ashwin\documents\github\sceneecs\ecs\project\x64\release\project.exe
c:\users\ashwin\documents\github\sceneecs\ecs\project\x64\release\project.ipdb
c:\users\ashwin\documents\github\sceneecs\ecs\project\x64\release\project.iobj
c:\users\ashwin\documents\github\sceneecs\ecs\project\x64\release\project.pdb
c:\users\ashwin\documents\github\sceneecs\ecs\project\project\x64\release\project.tlog\cl.command.1.tlog
c:\users\ashwin\documents\github\sceneecs\ecs\project\project\x64\release\project.tlog\cl.read.1.tlog
c:\users\ashwin\documents\github\sceneecs\ecs\project\project\x64\release\project.tlog\cl.write.1.tlog
c:\users\ashwin\documents\github\sceneecs\ecs\project\project\x64\release\project.tlog\link.command.1.tlog
c:\users\ashwin\documents\github\sceneecs\ecs\project\project\x64\release\project.tlog\link.read.1.tlog
c:\users\ashwin\documents\github\sceneecs\ecs\project\project\x64\release\project.tlog\link.write.1.tlog
